  [1m[35m (107.3ms)[0m  [1m[35mCREATE DATABASE "reddit_clone_development" ENCODING = 'unicode'[0m
  [1m[35m (53.0ms)[0m  [1m[35mCREATE DATABASE "reddit_clone_test" ENCODING = 'unicode'[0m
  [1m[35m (8.5ms)[0m  [1m[35mCREATE TABLE "schema_migrations" ("version" character varying NOT NULL PRIMARY KEY)[0m
  [1m[35m (2.0ms)[0m  [1m[35mCREATE TABLE "ar_internal_metadata" ("key" character varying NOT NULL PRIMARY KEY, "value" character varying, "created_at" timestamp(6) NOT NULL, "updated_at" timestamp(6) NOT NULL)[0m
  [1m[35m (0.1ms)[0m  [1m[34mSELECT pg_try_advisory_lock(688274183373989625)[0m
  [1m[36mActiveRecord::SchemaMigration Pluck (0.2ms)[0m  [1m[34mSELECT "schema_migrations"."version" FROM "schema_migrations" ORDER BY "schema_migrations"."version" ASC[0m
Migrating to CreateUsers (20231006133510)
  [1m[36mTRANSACTION (0.1ms)[0m  [1m[35mBEGIN[0m
  [1m[35m (1.4ms)[0m  [1m[35mCREATE TABLE "users" ("id" bigserial primary key, "username" character varying NOT NULL, "session_token" character varying NOT NULL, "password_digest" character varying NOT NULL, "created_at" timestamp(6) NOT NULL, "updated_at" timestamp(6) NOT NULL)[0m
  [1m[35m (1.0ms)[0m  [1m[35mCREATE UNIQUE INDEX "index_users_on_username" ON "users" ("username")[0m
  [1m[35m (0.3ms)[0m  [1m[35mCREATE UNIQUE INDEX "index_users_on_session_token" ON "users" ("session_token")[0m
  [1m[36mActiveRecord::SchemaMigration Create (0.5ms)[0m  [1m[32mINSERT INTO "schema_migrations" ("version") VALUES ($1) RETURNING "version"[0m  [["version", "20231006133510"]]
  [1m[36mTRANSACTION (0.1ms)[0m  [1m[35mCOMMIT[0m
  [1m[36mActiveRecord::InternalMetadata Load (0.1ms)[0m  [1m[34mSELECT "ar_internal_metadata".* FROM "ar_internal_metadata" WHERE "ar_internal_metadata"."key" = $1 LIMIT $2[0m  [["key", "environment"], ["LIMIT", 1]]
  [1m[36mTRANSACTION (0.1ms)[0m  [1m[35mBEGIN[0m
  [1m[36mActiveRecord::InternalMetadata Create (0.5ms)[0m  [1m[32mINSERT INTO "ar_internal_metadata" ("key", "value", "created_at", "updated_at") VALUES ($1, $2, $3, $4) RETURNING "key"[0m  [["key", "environment"], ["value", "development"], ["created_at", "2023-10-06 13:36:26.815891"], ["updated_at", "2023-10-06 13:36:26.815891"]]
  [1m[36mTRANSACTION (0.1ms)[0m  [1m[35mCOMMIT[0m
  [1m[35m (0.1ms)[0m  [1m[34mSELECT pg_advisory_unlock(688274183373989625)[0m
  [1m[36mActiveRecord::SchemaMigration Pluck (0.3ms)[0m  [1m[34mSELECT "schema_migrations"."version" FROM "schema_migrations" ORDER BY "schema_migrations"."version" ASC[0m
  [1m[35m (285.0ms)[0m  [1m[35mCREATE DATABASE "reddit_clone_development" ENCODING = 'unicode'[0m
  [1m[35m (114.9ms)[0m  [1m[35mCREATE DATABASE "reddit_clone_test" ENCODING = 'unicode'[0m
  [1m[35m (4.7ms)[0m  [1m[35mCREATE TABLE "schema_migrations" ("version" character varying NOT NULL PRIMARY KEY)[0m
  [1m[35m (2.0ms)[0m  [1m[35mCREATE TABLE "ar_internal_metadata" ("key" character varying NOT NULL PRIMARY KEY, "value" character varying, "created_at" timestamp(6) NOT NULL, "updated_at" timestamp(6) NOT NULL)[0m
  [1m[35m (0.3ms)[0m  [1m[34mSELECT pg_try_advisory_lock(688274183373989625)[0m
  [1m[36mActiveRecord::SchemaMigration Pluck (0.4ms)[0m  [1m[34mSELECT "schema_migrations"."version" FROM "schema_migrations" ORDER BY "schema_migrations"."version" ASC[0m
Migrating to CreateUsers (20231006133510)
  [1m[36mTRANSACTION (0.1ms)[0m  [1m[35mBEGIN[0m
  [1m[35m (4.3ms)[0m  [1m[35mCREATE TABLE "users" ("id" bigserial primary key, "username" character varying NOT NULL, "session_token" character varying NOT NULL, "password_digest" character varying NOT NULL, "created_at" timestamp(6) NOT NULL, "updated_at" timestamp(6) NOT NULL)[0m
  [1m[35m (0.7ms)[0m  [1m[35mCREATE UNIQUE INDEX "index_users_on_username" ON "users" ("username")[0m
  [1m[35m (0.7ms)[0m  [1m[35mCREATE UNIQUE INDEX "index_users_on_session_token" ON "users" ("session_token")[0m
  [1m[36mActiveRecord::SchemaMigration Create (0.9ms)[0m  [1m[32mINSERT INTO "schema_migrations" ("version") VALUES ($1) RETURNING "version"[0m  [["version", "20231006133510"]]
  [1m[36mTRANSACTION (0.2ms)[0m  [1m[35mCOMMIT[0m
  [1m[36mActiveRecord::InternalMetadata Load (0.3ms)[0m  [1m[34mSELECT "ar_internal_metadata".* FROM "ar_internal_metadata" WHERE "ar_internal_metadata"."key" = $1 LIMIT $2[0m  [["key", "environment"], ["LIMIT", 1]]
  [1m[36mTRANSACTION (0.1ms)[0m  [1m[35mBEGIN[0m
  [1m[36mActiveRecord::InternalMetadata Create (0.5ms)[0m  [1m[32mINSERT INTO "ar_internal_metadata" ("key", "value", "created_at", "updated_at") VALUES ($1, $2, $3, $4) RETURNING "key"[0m  [["key", "environment"], ["value", "development"], ["created_at", "2023-10-06 13:38:23.005637"], ["updated_at", "2023-10-06 13:38:23.005637"]]
  [1m[36mTRANSACTION (0.2ms)[0m  [1m[35mCOMMIT[0m
  [1m[35m (0.2ms)[0m  [1m[34mSELECT pg_advisory_unlock(688274183373989625)[0m
  [1m[36mActiveRecord::SchemaMigration Pluck (0.6ms)[0m  [1m[34mSELECT "schema_migrations"."version" FROM "schema_migrations" ORDER BY "schema_migrations"."version" ASC[0m
Started GET "/users/new" for ::1 at 2023-10-06 10:21:39 -0400
  [1m[36mActiveRecord::SchemaMigration Pluck (1.2ms)[0m  [1m[34mSELECT "schema_migrations"."version" FROM "schema_migrations" ORDER BY "schema_migrations"."version" ASC[0m
Processing by UsersController#new as HTML
  [1m[36mUser Load (1.9ms)[0m  [1m[34mSELECT "users".* FROM "users" WHERE "users"."session_token" IS NULL LIMIT $1[0m  [["LIMIT", 1]]
  ↳ app/controllers/application_controller.rb:5:in `current_user'
Completed 500 Internal Server Error in 24ms (ActiveRecord: 7.1ms | Allocations: 10735)


  
ActionView::MissingTemplate (Missing template users/new, application/new with {:locale=>[:en], :formats=>[:html], :variants=>[], :handlers=>[:raw, :erb, :html, :builder, :ruby]}.

Searched in:
  * "/Users/eltionbehrami/Desktop/App Academy/Week 7/Day 5/W7D5/practice-for-ch-rails-reddit-long-practice-main/reddit_clone/app/views"

Did you mean?  layouts/application):
  
app/controllers/users_controller.rb:7:in `new'
Started GET "/users/new" for ::1 at 2023-10-06 10:21:39 -0400
Processing by UsersController#new as HTML
  [1m[36mUser Load (0.2ms)[0m  [1m[34mSELECT "users".* FROM "users" WHERE "users"."session_token" IS NULL LIMIT $1[0m  [["LIMIT", 1]]
  ↳ app/controllers/application_controller.rb:5:in `current_user'
Completed 500 Internal Server Error in 2ms (ActiveRecord: 0.2ms | Allocations: 1450)


  
ActionView::MissingTemplate (Missing template users/new, application/new with {:locale=>[:en], :formats=>[:html], :variants=>[], :handlers=>[:raw, :erb, :html, :builder, :ruby]}.

Searched in:
  * "/Users/eltionbehrami/Desktop/App Academy/Week 7/Day 5/W7D5/practice-for-ch-rails-reddit-long-practice-main/reddit_clone/app/views"

Did you mean?  layouts/application):
  
app/controllers/users_controller.rb:7:in `new'
Started GET "/users" for ::1 at 2023-10-06 10:21:45 -0400
Processing by UsersController#index as HTML
  [1m[36mUser Load (0.4ms)[0m  [1m[34mSELECT "users".* FROM "users" WHERE "users"."session_token" IS NULL LIMIT $1[0m  [["LIMIT", 1]]
  ↳ app/controllers/application_controller.rb:5:in `current_user'
Redirected to http://localhost:3000/session/new
Filter chain halted as :require_logged_in rendered or redirected
Completed 302 Found in 5ms (ActiveRecord: 0.4ms | Allocations: 1275)


Started GET "/session/new" for ::1 at 2023-10-06 10:21:45 -0400
Processing by SessionsController#new as HTML
  [1m[36mUser Load (0.3ms)[0m  [1m[34mSELECT "users".* FROM "users" WHERE "users"."session_token" IS NULL LIMIT $1[0m  [["LIMIT", 1]]
  ↳ app/controllers/application_controller.rb:5:in `current_user'
Completed 500 Internal Server Error in 6ms (ActiveRecord: 0.3ms | Allocations: 1846)


  
ActionView::MissingTemplate (Missing template sessions/new, application/new with {:locale=>[:en], :formats=>[:html], :variants=>[], :handlers=>[:raw, :erb, :html, :builder, :ruby]}.

Searched in:
  * "/Users/eltionbehrami/Desktop/App Academy/Week 7/Day 5/W7D5/practice-for-ch-rails-reddit-long-practice-main/reddit_clone/app/views"

Did you mean?  layouts/application):
  
app/controllers/sessions_controller.rb:8:in `new'
Started GET "/session/new" for ::1 at 2023-10-06 10:35:14 -0400
Processing by SessionsController#new as HTML
  [1m[36mUser Load (0.9ms)[0m  [1m[34mSELECT "users".* FROM "users" WHERE "users"."session_token" IS NULL LIMIT $1[0m  [["LIMIT", 1]]
  ↳ app/controllers/application_controller.rb:5:in `current_user'
  Rendering layout layouts/application.html.erb
  Rendering sessions/new.html.erb within layouts/application
  Rendered sessions/new.html.erb within layouts/application (Duration: 1.1ms | Allocations: 165)
  Rendered layout layouts/application.html.erb (Duration: 24.0ms | Allocations: 7347)
Completed 200 OK in 66ms (Views: 30.6ms | ActiveRecord: 11.1ms | Allocations: 12343)


Started GET "/users/new" for ::1 at 2023-10-06 10:35:21 -0400
Processing by UsersController#new as HTML
  [1m[36mUser Load (0.4ms)[0m  [1m[34mSELECT "users".* FROM "users" WHERE "users"."session_token" IS NULL LIMIT $1[0m  [["LIMIT", 1]]
  ↳ app/controllers/application_controller.rb:5:in `current_user'
  Rendering layout layouts/application.html.erb
  Rendering users/new.html.erb within layouts/application
  Rendered users/new.html.erb within layouts/application (Duration: 3.2ms | Allocations: 227)
  Rendered layout layouts/application.html.erb (Duration: 7.5ms | Allocations: 1659)
Completed 200 OK in 17ms (Views: 11.0ms | ActiveRecord: 0.4ms | Allocations: 3484)


Started POST "/users" for ::1 at 2023-10-06 10:35:29 -0400
Processing by UsersController#create as HTML
  Parameters: {"user"=>{"username"=>"eltionbehrami", "password"=>"[FILTERED]"}}
Can't verify CSRF token authenticity.
Completed 422 Unprocessable Entity in 1ms (ActiveRecord: 0.0ms | Allocations: 218)


  
ActionController::InvalidAuthenticityToken (Can't verify CSRF token authenticity.):
  
actionpack (7.0.8) lib/action_controller/metal/request_forgery_protection.rb:253:in `handle_unverified_request'
actionpack (7.0.8) lib/action_controller/metal/request_forgery_protection.rb:286:in `handle_unverified_request'
actionpack (7.0.8) lib/action_controller/metal/request_forgery_protection.rb:275:in `verify_authenticity_token'
activesupport (7.0.8) lib/active_support/callbacks.rb:400:in `block in make_lambda'
activesupport (7.0.8) lib/active_support/callbacks.rb:199:in `block (2 levels) in halting'
actionpack (7.0.8) lib/abstract_controller/callbacks.rb:34:in `block (2 levels) in <module:Callbacks>'
activesupport (7.0.8) lib/active_support/callbacks.rb:200:in `block in halting'
activesupport (7.0.8) lib/active_support/callbacks.rb:595:in `block in invoke_before'
activesupport (7.0.8) lib/active_support/callbacks.rb:595:in `each'
activesupport (7.0.8) lib/active_support/callbacks.rb:595:in `invoke_before'
activesupport (7.0.8) lib/active_support/callbacks.rb:106:in `run_callbacks'
actionpack (7.0.8) lib/abstract_controller/callbacks.rb:233:in `process_action'
actionpack (7.0.8) lib/action_controller/metal/rescue.rb:23:in `process_action'
actionpack (7.0.8) lib/action_controller/metal/instrumentation.rb:67:in `block in process_action'
activesupport (7.0.8) lib/active_support/notifications.rb:206:in `block in instrument'
activesupport (7.0.8) lib/active_support/notifications/instrumenter.rb:24:in `instrument'
activesupport (7.0.8) lib/active_support/notifications.rb:206:in `instrument'
actionpack (7.0.8) lib/action_controller/metal/instrumentation.rb:66:in `process_action'
actionpack (7.0.8) lib/action_controller/metal/params_wrapper.rb:259:in `process_action'
activerecord (7.0.8) lib/active_record/railties/controller_runtime.rb:27:in `process_action'
actionpack (7.0.8) lib/abstract_controller/base.rb:151:in `process'
actionview (7.0.8) lib/action_view/rendering.rb:39:in `process'
actionpack (7.0.8) lib/action_controller/metal.rb:188:in `dispatch'
actionpack (7.0.8) lib/action_controller/metal.rb:251:in `dispatch'
actionpack (7.0.8) lib/action_dispatch/routing/route_set.rb:49:in `dispatch'
actionpack (7.0.8) lib/action_dispatch/routing/route_set.rb:32:in `serve'
actionpack (7.0.8) lib/action_dispatch/journey/router.rb:50:in `block in serve'
actionpack (7.0.8) lib/action_dispatch/journey/router.rb:32:in `each'
actionpack (7.0.8) lib/action_dispatch/journey/router.rb:32:in `serve'
actionpack (7.0.8) lib/action_dispatch/routing/route_set.rb:852:in `call'
rack (2.2.8) lib/rack/tempfile_reaper.rb:15:in `call'
rack (2.2.8) lib/rack/etag.rb:27:in `call'
rack (2.2.8) lib/rack/conditional_get.rb:40:in `call'
rack (2.2.8) lib/rack/head.rb:12:in `call'
actionpack (7.0.8) lib/action_dispatch/http/permissions_policy.rb:38:in `call'
actionpack (7.0.8) lib/action_dispatch/http/content_security_policy.rb:36:in `call'
rack (2.2.8) lib/rack/session/abstract/id.rb:266:in `context'
rack (2.2.8) lib/rack/session/abstract/id.rb:260:in `call'
actionpack (7.0.8) lib/action_dispatch/middleware/cookies.rb:704:in `call'
activerecord (7.0.8) lib/active_record/migration.rb:638:in `call'
actionpack (7.0.8) lib/action_dispatch/middleware/callbacks.rb:27:in `block in call'
activesupport (7.0.8) lib/active_support/callbacks.rb:99:in `run_callbacks'
actionpack (7.0.8) lib/action_dispatch/middleware/callbacks.rb:26:in `call'
actionpack (7.0.8) lib/action_dispatch/middleware/executor.rb:14:in `call'
actionpack (7.0.8) lib/action_dispatch/middleware/actionable_exceptions.rb:17:in `call'
actionpack (7.0.8) lib/action_dispatch/middleware/debug_exceptions.rb:28:in `call'
actionpack (7.0.8) lib/action_dispatch/middleware/show_exceptions.rb:29:in `call'
railties (7.0.8) lib/rails/rack/logger.rb:40:in `call_app'
railties (7.0.8) lib/rails/rack/logger.rb:25:in `block in call'
activesupport (7.0.8) lib/active_support/tagged_logging.rb:99:in `block in tagged'
activesupport (7.0.8) lib/active_support/tagged_logging.rb:37:in `tagged'
activesupport (7.0.8) lib/active_support/tagged_logging.rb:99:in `tagged'
railties (7.0.8) lib/rails/rack/logger.rb:25:in `call'
sprockets-rails (3.4.2) lib/sprockets/rails/quiet_assets.rb:13:in `call'
actionpack (7.0.8) lib/action_dispatch/middleware/remote_ip.rb:93:in `call'
actionpack (7.0.8) lib/action_dispatch/middleware/request_id.rb:26:in `call'
rack (2.2.8) lib/rack/method_override.rb:24:in `call'
rack (2.2.8) lib/rack/runtime.rb:22:in `call'
activesupport (7.0.8) lib/active_support/cache/strategy/local_cache_middleware.rb:29:in `call'
actionpack (7.0.8) lib/action_dispatch/middleware/server_timing.rb:61:in `block in call'
actionpack (7.0.8) lib/action_dispatch/middleware/server_timing.rb:26:in `collect_events'
actionpack (7.0.8) lib/action_dispatch/middleware/server_timing.rb:60:in `call'
actionpack (7.0.8) lib/action_dispatch/middleware/executor.rb:14:in `call'
actionpack (7.0.8) lib/action_dispatch/middleware/static.rb:23:in `call'
rack (2.2.8) lib/rack/sendfile.rb:110:in `call'
actionpack (7.0.8) lib/action_dispatch/middleware/host_authorization.rb:138:in `call'
railties (7.0.8) lib/rails/engine.rb:530:in `call'
puma (5.6.7) lib/puma/configuration.rb:252:in `call'
puma (5.6.7) lib/puma/request.rb:77:in `block in handle_request'
puma (5.6.7) lib/puma/thread_pool.rb:340:in `with_force_shutdown'
puma (5.6.7) lib/puma/request.rb:76:in `handle_request'
puma (5.6.7) lib/puma/server.rb:443:in `process_client'
puma (5.6.7) lib/puma/thread_pool.rb:147:in `block in spawn_thread'
Started GET "/users" for ::1 at 2023-10-06 10:36:53 -0400
Processing by UsersController#index as HTML
  [1m[36mUser Load (0.6ms)[0m  [1m[34mSELECT "users".* FROM "users" WHERE "users"."session_token" IS NULL LIMIT $1[0m  [["LIMIT", 1]]
  ↳ app/controllers/application_controller.rb:5:in `current_user'
Redirected to http://localhost:3000/session/new
Filter chain halted as :require_logged_in rendered or redirected
Completed 302 Found in 10ms (ActiveRecord: 0.6ms | Allocations: 1324)


Started GET "/session/new" for ::1 at 2023-10-06 10:36:53 -0400
Processing by SessionsController#new as HTML
  [1m[36mUser Load (0.3ms)[0m  [1m[34mSELECT "users".* FROM "users" WHERE "users"."session_token" IS NULL LIMIT $1[0m  [["LIMIT", 1]]
  ↳ app/controllers/application_controller.rb:5:in `current_user'
  Rendering layout layouts/application.html.erb
  Rendering sessions/new.html.erb within layouts/application
  Rendered sessions/new.html.erb within layouts/application (Duration: 1.6ms | Allocations: 203)
  Rendered layout layouts/application.html.erb (Duration: 5.9ms | Allocations: 1779)
Completed 200 OK in 14ms (Views: 11.0ms | ActiveRecord: 0.3ms | Allocations: 3657)


Started GET "/users/new" for ::1 at 2023-10-06 10:36:57 -0400
Processing by UsersController#new as HTML
  [1m[36mUser Load (0.2ms)[0m  [1m[34mSELECT "users".* FROM "users" WHERE "users"."session_token" IS NULL LIMIT $1[0m  [["LIMIT", 1]]
  ↳ app/controllers/application_controller.rb:5:in `current_user'
  Rendering layout layouts/application.html.erb
  Rendering users/new.html.erb within layouts/application
  Rendered users/new.html.erb within layouts/application (Duration: 1.0ms | Allocations: 269)
  Rendered layout layouts/application.html.erb (Duration: 3.7ms | Allocations: 1675)
Completed 200 OK in 9ms (Views: 5.7ms | ActiveRecord: 0.2ms | Allocations: 3463)


Started POST "/users" for ::1 at 2023-10-06 10:37:07 -0400
Processing by UsersController#create as HTML
  Parameters: {"authenticity_token"=>"[FILTERED]", "user"=>{"username"=>"eltionbehrami", "password"=>"[FILTERED]"}}
  [1m[36mUser Load (0.4ms)[0m  [1m[34mSELECT "users".* FROM "users" WHERE "users"."session_token" IS NULL LIMIT $1[0m  [["LIMIT", 1]]
  ↳ app/controllers/application_controller.rb:5:in `current_user'
Completed 500 Internal Server Error in 14ms (ActiveRecord: 0.4ms | Allocations: 3948)


  
NameError (uninitialized constant User::Bcrypt

        self.password_digest = Bcrypt::Password.create(password)
                               ^^^^^^):
  
app/models/user.rb:22:in `password='
app/controllers/users_controller.rb:21:in `create'
Started POST "/users" for ::1 at 2023-10-06 10:37:25 -0400
Processing by UsersController#create as HTML
  Parameters: {"authenticity_token"=>"[FILTERED]", "user"=>{"username"=>"eltionbehrami", "password"=>"[FILTERED]"}}
  [1m[36mUser Load (0.1ms)[0m  [1m[34mSELECT "users".* FROM "users" WHERE "users"."session_token" IS NULL LIMIT $1[0m  [["LIMIT", 1]]
  ↳ app/controllers/application_controller.rb:5:in `current_user'
Completed 500 Internal Server Error in 16ms (ActiveRecord: 10.2ms | Allocations: 6877)


  
NameError (uninitialized constant User::BCrypt

        self.password_digest = BCrypt::Password.create(password)
                               ^^^^^^):
  
app/models/user.rb:22:in `password='
app/controllers/users_controller.rb:21:in `create'
Started POST "/users" for ::1 at 2023-10-06 10:38:59 -0400
Processing by UsersController#create as HTML
  Parameters: {"authenticity_token"=>"[FILTERED]", "user"=>{"username"=>"eltionbehrami", "password"=>"[FILTERED]"}}
  [1m[36mUser Load (0.9ms)[0m  [1m[34mSELECT "users".* FROM "users" WHERE "users"."session_token" IS NULL LIMIT $1[0m  [["LIMIT", 1]]
  ↳ app/controllers/application_controller.rb:5:in `current_user'
Completed 500 Internal Server Error in 17ms (ActiveRecord: 0.9ms | Allocations: 3652)


  
NameError (uninitialized constant User::BCrypt

        self.password_digest = BCrypt::Password.create(password)
                               ^^^^^^):
  
app/models/user.rb:22:in `password='
app/controllers/users_controller.rb:21:in `create'
Started POST "/users" for ::1 at 2023-10-06 10:39:27 -0400
Processing by UsersController#create as HTML
  Parameters: {"authenticity_token"=>"[FILTERED]", "user"=>{"username"=>"eltionbehrami", "password"=>"[FILTERED]"}}
  [1m[36mUser Load (0.4ms)[0m  [1m[34mSELECT "users".* FROM "users" WHERE "users"."session_token" IS NULL LIMIT $1[0m  [["LIMIT", 1]]
  ↳ app/controllers/application_controller.rb:5:in `current_user'
Completed 500 Internal Server Error in 12ms (ActiveRecord: 0.4ms | Allocations: 3588)


  
NameError (uninitialized constant User::BCrypt

        self.password_digest = BCrypt::Password.create(password)
                               ^^^^^^):
  
app/models/user.rb:22:in `password='
app/controllers/users_controller.rb:21:in `create'
Started GET "/users/new" for ::1 at 2023-10-06 10:39:58 -0400
  [1m[36mActiveRecord::SchemaMigration Pluck (1.3ms)[0m  [1m[34mSELECT "schema_migrations"."version" FROM "schema_migrations" ORDER BY "schema_migrations"."version" ASC[0m
Processing by UsersController#new as HTML
  [1m[36mUser Load (1.0ms)[0m  [1m[34mSELECT "users".* FROM "users" WHERE "users"."session_token" IS NULL LIMIT $1[0m  [["LIMIT", 1]]
  ↳ app/controllers/application_controller.rb:5:in `current_user'
  Rendering layout layouts/application.html.erb
  Rendering users/new.html.erb within layouts/application
  Rendered users/new.html.erb within layouts/application (Duration: 0.9ms | Allocations: 596)
  Rendered layout layouts/application.html.erb (Duration: 4.4ms | Allocations: 4179)
Completed 200 OK in 22ms (Views: 9.3ms | ActiveRecord: 6.9ms | Allocations: 16889)


Started POST "/users" for ::1 at 2023-10-06 10:40:03 -0400
Processing by UsersController#create as HTML
  Parameters: {"authenticity_token"=>"[FILTERED]", "user"=>{"username"=>"eltionbehrami", "password"=>"[FILTERED]"}}
  [1m[36mUser Load (1.3ms)[0m  [1m[34mSELECT "users".* FROM "users" WHERE "users"."session_token" IS NULL LIMIT $1[0m  [["LIMIT", 1]]
  ↳ app/controllers/application_controller.rb:5:in `current_user'
  [1m[36mTRANSACTION (1.5ms)[0m  [1m[35mBEGIN[0m
  ↳ app/controllers/users_controller.rb:23:in `create'
  [1m[36mUser Exists? (0.4ms)[0m  [1m[34mSELECT 1 AS one FROM "users" WHERE "users"."username" = $1 LIMIT $2[0m  [["username", "eltionbehrami"], ["LIMIT", 1]]
  ↳ app/controllers/users_controller.rb:23:in `create'
  [1m[36mUser Exists? (0.2ms)[0m  [1m[34mSELECT 1 AS one FROM "users" WHERE "users"."session_token" = $1 LIMIT $2[0m  [["session_token", "[FILTERED]"], ["LIMIT", 1]]
  ↳ app/controllers/users_controller.rb:23:in `create'
  [1m[36mUser Create (4.0ms)[0m  [1m[32mINSERT INTO "users" ("username", "session_token", "password_digest", "created_at", "updated_at") VALUES ($1, $2, $3, $4, $5) RETURNING "id"[0m  [["username", "eltionbehrami"], ["session_token", "[FILTERED]"], ["password_digest", "[FILTERED]"], ["created_at", "2023-10-06 14:40:03.767135"], ["updated_at", "2023-10-06 14:40:03.767135"]]
  ↳ app/controllers/users_controller.rb:23:in `create'
  [1m[36mTRANSACTION (0.4ms)[0m  [1m[35mCOMMIT[0m
  ↳ app/controllers/users_controller.rb:23:in `create'
  [1m[36mTRANSACTION (0.0ms)[0m  [1m[35mBEGIN[0m
  ↳ app/models/user.rb:32:in `reset_session_token!'
  [1m[36mUser Exists? (0.2ms)[0m  [1m[34mSELECT 1 AS one FROM "users" WHERE "users"."username" = $1 AND "users"."id" != $2 LIMIT $3[0m  [["username", "eltionbehrami"], ["id", 1], ["LIMIT", 1]]
  ↳ app/models/user.rb:32:in `reset_session_token!'
  [1m[36mUser Exists? (1.5ms)[0m  [1m[34mSELECT 1 AS one FROM "users" WHERE "users"."session_token" = $1 AND "users"."id" != $2 LIMIT $3[0m  [["session_token", "[FILTERED]"], ["id", 1], ["LIMIT", 1]]
  ↳ app/models/user.rb:32:in `reset_session_token!'
  [1m[36mUser Update (0.4ms)[0m  [1m[33mUPDATE "users" SET "session_token" = $1, "updated_at" = $2 WHERE "users"."id" = $3[0m  [["session_token", "[FILTERED]"], ["updated_at", "2023-10-06 14:40:03.775950"], ["id", 1]]
  ↳ app/models/user.rb:32:in `reset_session_token!'
  [1m[36mTRANSACTION (0.1ms)[0m  [1m[35mCOMMIT[0m
  ↳ app/models/user.rb:32:in `reset_session_token!'
Redirected to http://localhost:3000/users
Completed 302 Found in 278ms (ActiveRecord: 9.9ms | Allocations: 11196)


Started GET "/users" for ::1 at 2023-10-06 10:40:03 -0400
Processing by UsersController#index as HTML
  [1m[36mUser Load (0.1ms)[0m  [1m[34mSELECT "users".* FROM "users" WHERE "users"."session_token" = $1 LIMIT $2[0m  [["session_token", "[FILTERED]"], ["LIMIT", 1]]
  ↳ app/controllers/application_controller.rb:5:in `current_user'
  Rendering layout layouts/application.html.erb
  Rendering users/index.html.erb within layouts/application
  Rendered users/index.html.erb within layouts/application (Duration: 1.8ms | Allocations: 3545)
  Rendered layout layouts/application.html.erb (Duration: 1.9ms | Allocations: 3639)
Completed 500 Internal Server Error in 3ms (ActiveRecord: 0.1ms | Allocations: 5101)



NoMethodError - undefined method `each' for nil:NilClass:
  app/views/users/index.html.erb:1
  app/controllers/users_controller.rb:12:in `index'

  [1m[36mUser Load (0.2ms)[0m  [1m[34mSELECT "users".* FROM "users" /* loading for inspect */ LIMIT $1[0m  [["LIMIT", 11]]
  ↳ (eval):73:in `block in render_template'
  [1m[36mCACHE User Load (0.0ms)[0m  [1m[34mSELECT "users".* FROM "users" /* loading for inspect */ LIMIT $1[0m  [["LIMIT", 11]]
  ↳ (eval):73:in `block in render_template'
Started POST "/__better_errors/f93d18f95e67d697/variables" for ::1 at 2023-10-06 10:40:03 -0400
  [1m[36mUser Load (0.3ms)[0m  [1m[34mSELECT "users".* FROM "users" /* loading for inspect */ LIMIT $1[0m  [["LIMIT", 11]]
  ↳ (eval):73:in `block in render_template'
  [1m[36mCACHE User Load (0.0ms)[0m  [1m[34mSELECT "users".* FROM "users" /* loading for inspect */ LIMIT $1[0m  [["LIMIT", 11]]
  ↳ (eval):73:in `block in render_template'
Started POST "/users" for ::1 at 2023-10-06 10:40:28 -0400
Processing by UsersController#create as HTML
  Parameters: {"authenticity_token"=>"[FILTERED]", "user"=>{"username"=>"eltionbehrami", "password"=>"[FILTERED]"}}
  [1m[36mUser Load (2.3ms)[0m  [1m[34mSELECT "users".* FROM "users" WHERE "users"."session_token" = $1 LIMIT $2[0m  [["session_token", "[FILTERED]"], ["LIMIT", 1]]
  ↳ app/controllers/application_controller.rb:5:in `current_user'
Redirected to http://localhost:3000/users
Filter chain halted as :require_logged_out rendered or redirected
Completed 302 Found in 17ms (ActiveRecord: 2.3ms | Allocations: 1224)


Started GET "/users" for ::1 at 2023-10-06 10:40:28 -0400
Processing by UsersController#index as HTML
  [1m[36mUser Load (0.4ms)[0m  [1m[34mSELECT "users".* FROM "users" WHERE "users"."session_token" = $1 LIMIT $2[0m  [["session_token", "[FILTERED]"], ["LIMIT", 1]]
  ↳ app/controllers/application_controller.rb:5:in `current_user'
  Rendering layout layouts/application.html.erb
  Rendering users/index.html.erb within layouts/application
  [1m[36mUser Load (0.4ms)[0m  [1m[34mSELECT "users".* FROM "users"[0m
  ↳ app/views/users/index.html.erb:1
  Rendered users/index.html.erb within layouts/application (Duration: 2.5ms | Allocations: 802)
  Rendered layout layouts/application.html.erb (Duration: 6.5ms | Allocations: 2365)
Completed 200 OK in 13ms (Views: 10.4ms | ActiveRecord: 0.8ms | Allocations: 4087)


Started GET "/user_url(user)" for ::1 at 2023-10-06 10:40:30 -0400
  
ActionController::RoutingError (No route matches [GET] "/user_url(user)"):
  
Started GET "/user_url(user)" for ::1 at 2023-10-06 10:41:12 -0400
  
ActionController::RoutingError (No route matches [GET] "/user_url(user)"):
  
Started GET "/users" for ::1 at 2023-10-06 10:41:18 -0400
Processing by UsersController#index as HTML
  [1m[36mUser Load (0.5ms)[0m  [1m[34mSELECT "users".* FROM "users" WHERE "users"."session_token" = $1 LIMIT $2[0m  [["session_token", "[FILTERED]"], ["LIMIT", 1]]
  ↳ app/controllers/application_controller.rb:5:in `current_user'
  Rendering layout layouts/application.html.erb
  Rendering users/index.html.erb within layouts/application
  [1m[36mUser Load (0.5ms)[0m  [1m[34mSELECT "users".* FROM "users"[0m
  ↳ app/views/users/index.html.erb:1
  Rendered users/index.html.erb within layouts/application (Duration: 4.0ms | Allocations: 884)
  Rendered layout layouts/application.html.erb (Duration: 9.0ms | Allocations: 2445)
Completed 200 OK in 16ms (Views: 12.0ms | ActiveRecord: 0.9ms | Allocations: 4219)


Started GET "/users/1" for ::1 at 2023-10-06 10:41:19 -0400
Processing by UsersController#show as HTML
  Parameters: {"id"=>"1"}
  [1m[36mUser Load (0.6ms)[0m  [1m[34mSELECT "users".* FROM "users" WHERE "users"."session_token" = $1 LIMIT $2[0m  [["session_token", "[FILTERED]"], ["LIMIT", 1]]
  ↳ app/controllers/application_controller.rb:5:in `current_user'
  [1m[36mUser Load (0.7ms)[0m  [1m[34mSELECT "users".* FROM "users" WHERE "users"."id" = $1 LIMIT $2[0m  [["id", 1], ["LIMIT", 1]]
  ↳ app/controllers/users_controller.rb:16:in `show'
  Rendering layout layouts/application.html.erb
  Rendering users/show.html.erb within layouts/application
  Rendered users/show.html.erb within layouts/application (Duration: 0.8ms | Allocations: 98)
  Rendered layout layouts/application.html.erb (Duration: 4.5ms | Allocations: 1307)
Completed 200 OK in 17ms (Views: 6.2ms | ActiveRecord: 1.3ms | Allocations: 4024)


Started GET "/session/new" for ::1 at 2023-10-06 10:41:33 -0400
Processing by SessionsController#new as HTML
  [1m[36mUser Load (0.5ms)[0m  [1m[34mSELECT "users".* FROM "users" WHERE "users"."session_token" = $1 LIMIT $2[0m  [["session_token", "[FILTERED]"], ["LIMIT", 1]]
  ↳ app/controllers/application_controller.rb:5:in `current_user'
Redirected to http://localhost:3000/users
Filter chain halted as :require_logged_out rendered or redirected
Completed 302 Found in 5ms (ActiveRecord: 0.5ms | Allocations: 1363)


Started GET "/users" for ::1 at 2023-10-06 10:41:33 -0400
Processing by UsersController#index as HTML
  [1m[36mUser Load (0.3ms)[0m  [1m[34mSELECT "users".* FROM "users" WHERE "users"."session_token" = $1 LIMIT $2[0m  [["session_token", "[FILTERED]"], ["LIMIT", 1]]
  ↳ app/controllers/application_controller.rb:5:in `current_user'
  Rendering layout layouts/application.html.erb
  Rendering users/index.html.erb within layouts/application
  [1m[36mUser Load (0.7ms)[0m  [1m[34mSELECT "users".* FROM "users"[0m
  ↳ app/views/users/index.html.erb:1
  Rendered users/index.html.erb within layouts/application (Duration: 2.1ms | Allocations: 641)
  Rendered layout layouts/application.html.erb (Duration: 5.2ms | Allocations: 1977)
Completed 200 OK in 9ms (Views: 5.3ms | ActiveRecord: 0.9ms | Allocations: 3179)


Started GET "/users" for ::1 at 2023-10-06 10:43:54 -0400
Processing by UsersController#index as HTML
  [1m[36mUser Load (0.6ms)[0m  [1m[34mSELECT "users".* FROM "users" WHERE "users"."session_token" = $1 LIMIT $2[0m  [["session_token", "[FILTERED]"], ["LIMIT", 1]]
  ↳ app/controllers/application_controller.rb:5:in `current_user'
  Rendering layout layouts/application.html.erb
  Rendering users/index.html.erb within layouts/application
  [1m[36mUser Load (0.6ms)[0m  [1m[34mSELECT "users".* FROM "users"[0m
  ↳ app/views/users/index.html.erb:1
  Rendered users/index.html.erb within layouts/application (Duration: 6.2ms | Allocations: 874)
  Rendered layout layouts/application.html.erb (Duration: 26.2ms | Allocations: 2517)
Completed 200 OK in 69ms (Views: 39.1ms | ActiveRecord: 1.2ms | Allocations: 4203)


Started DELETE "/session_url" for ::1 at 2023-10-06 10:43:55 -0400
  
ActionController::RoutingError (No route matches [DELETE] "/session_url"):
  
Started DELETE "/session_url" for ::1 at 2023-10-06 10:44:52 -0400
  
ActionController::RoutingError (No route matches [DELETE] "/session_url"):
  
Started GET "/users" for ::1 at 2023-10-06 10:44:55 -0400
Processing by UsersController#index as HTML
  [1m[36mUser Load (0.6ms)[0m  [1m[34mSELECT "users".* FROM "users" WHERE "users"."session_token" = $1 LIMIT $2[0m  [["session_token", "[FILTERED]"], ["LIMIT", 1]]
  ↳ app/controllers/application_controller.rb:5:in `current_user'
  Rendering layout layouts/application.html.erb
  Rendering users/index.html.erb within layouts/application
  [1m[36mUser Load (0.5ms)[0m  [1m[34mSELECT "users".* FROM "users"[0m
  ↳ app/views/users/index.html.erb:1
  Rendered users/index.html.erb within layouts/application (Duration: 4.7ms | Allocations: 873)
  Rendered layout layouts/application.html.erb (Duration: 11.2ms | Allocations: 2543)
Completed 200 OK in 21ms (Views: 14.9ms | ActiveRecord: 1.1ms | Allocations: 4251)


Started DELETE "/session" for ::1 at 2023-10-06 10:44:56 -0400
Processing by SessionsController#destroy as HTML
  Parameters: {"authenticity_token"=>"[FILTERED]"}
  [1m[36mUser Load (0.3ms)[0m  [1m[34mSELECT "users".* FROM "users" WHERE "users"."session_token" = $1 LIMIT $2[0m  [["session_token", "[FILTERED]"], ["LIMIT", 1]]
  ↳ app/controllers/application_controller.rb:5:in `current_user'
  [1m[36mTRANSACTION (0.2ms)[0m  [1m[35mBEGIN[0m
  ↳ app/models/user.rb:32:in `reset_session_token!'
  [1m[36mUser Exists? (0.8ms)[0m  [1m[34mSELECT 1 AS one FROM "users" WHERE "users"."username" = $1 AND "users"."id" != $2 LIMIT $3[0m  [["username", "eltionbehrami"], ["id", 1], ["LIMIT", 1]]
  ↳ app/models/user.rb:32:in `reset_session_token!'
  [1m[36mUser Exists? (0.4ms)[0m  [1m[34mSELECT 1 AS one FROM "users" WHERE "users"."session_token" = $1 AND "users"."id" != $2 LIMIT $3[0m  [["session_token", "[FILTERED]"], ["id", 1], ["LIMIT", 1]]
  ↳ app/models/user.rb:32:in `reset_session_token!'
  [1m[36mUser Update (1.9ms)[0m  [1m[33mUPDATE "users" SET "session_token" = $1, "updated_at" = $2 WHERE "users"."id" = $3[0m  [["session_token", "[FILTERED]"], ["updated_at", "2023-10-06 14:44:56.502042"], ["id", 1]]
  ↳ app/models/user.rb:32:in `reset_session_token!'
  [1m[36mTRANSACTION (1.2ms)[0m  [1m[35mCOMMIT[0m
  ↳ app/models/user.rb:32:in `reset_session_token!'
Redirected to http://localhost:3000/session/new
Completed 302 Found in 20ms (ActiveRecord: 5.0ms | Allocations: 4671)


Started GET "/session/new" for ::1 at 2023-10-06 10:44:56 -0400
Processing by SessionsController#new as HTML
  [1m[36mUser Load (0.4ms)[0m  [1m[34mSELECT "users".* FROM "users" WHERE "users"."session_token" IS NULL LIMIT $1[0m  [["LIMIT", 1]]
  ↳ app/controllers/application_controller.rb:5:in `current_user'
  Rendering layout layouts/application.html.erb
  Rendering sessions/new.html.erb within layouts/application
  Rendered sessions/new.html.erb within layouts/application (Duration: 1.4ms | Allocations: 191)
  Rendered layout layouts/application.html.erb (Duration: 4.9ms | Allocations: 1890)
Completed 200 OK in 12ms (Views: 7.4ms | ActiveRecord: 0.4ms | Allocations: 3781)


Started POST "/session/session_url" for ::1 at 2023-10-06 10:45:02 -0400
  
ActionController::RoutingError (No route matches [POST] "/session/session_url"):
  
Started GET "/session/new" for ::1 at 2023-10-06 10:45:37 -0400
Processing by SessionsController#new as HTML
  [1m[36mUser Load (0.5ms)[0m  [1m[34mSELECT "users".* FROM "users" WHERE "users"."session_token" IS NULL LIMIT $1[0m  [["LIMIT", 1]]
  ↳ app/controllers/application_controller.rb:5:in `current_user'
  Rendering layout layouts/application.html.erb
  Rendering sessions/new.html.erb within layouts/application
  Rendered sessions/new.html.erb within layouts/application (Duration: 1.8ms | Allocations: 252)
  Rendered layout layouts/application.html.erb (Duration: 7.1ms | Allocations: 1914)
Completed 200 OK in 17ms (Views: 9.9ms | ActiveRecord: 0.5ms | Allocations: 3869)


Started POST "/session" for ::1 at 2023-10-06 10:45:41 -0400
Processing by SessionsController#create as HTML
  Parameters: {"authenticity_token"=>"[FILTERED]", "user"=>{"username"=>"eltionbehrami", "password"=>"[FILTERED]"}}
  [1m[36mUser Load (0.5ms)[0m  [1m[34mSELECT "users".* FROM "users" WHERE "users"."session_token" IS NULL LIMIT $1[0m  [["LIMIT", 1]]
  ↳ app/controllers/application_controller.rb:5:in `current_user'
  [1m[36mUser Load (0.5ms)[0m  [1m[34mSELECT "users".* FROM "users" WHERE "users"."username" = $1 LIMIT $2[0m  [["username", "eltionbehrami"], ["LIMIT", 1]]
  ↳ app/models/user.rb:11:in `find_by_credentials'
  Rendering layout layouts/application.html.erb
  Rendering sessions/new.html.erb within layouts/application
  Rendered sessions/new.html.erb within layouts/application (Duration: 0.3ms | Allocations: 57)
  Rendered layout layouts/application.html.erb (Duration: 1.5ms | Allocations: 1316)
Completed 200 OK in 269ms (Views: 2.0ms | ActiveRecord: 0.9ms | Allocations: 3490)


Started POST "/session" for ::1 at 2023-10-06 10:45:45 -0400
Processing by SessionsController#create as HTML
  Parameters: {"authenticity_token"=>"[FILTERED]", "user"=>{"username"=>"eltionbehrami", "password"=>"[FILTERED]"}}
  [1m[36mUser Load (0.4ms)[0m  [1m[34mSELECT "users".* FROM "users" WHERE "users"."session_token" IS NULL LIMIT $1[0m  [["LIMIT", 1]]
  ↳ app/controllers/application_controller.rb:5:in `current_user'
  [1m[36mUser Load (0.6ms)[0m  [1m[34mSELECT "users".* FROM "users" WHERE "users"."username" = $1 LIMIT $2[0m  [["username", "eltionbehrami"], ["LIMIT", 1]]
  ↳ app/models/user.rb:11:in `find_by_credentials'
  [1m[36mTRANSACTION (0.2ms)[0m  [1m[35mBEGIN[0m
  ↳ app/models/user.rb:32:in `reset_session_token!'
  [1m[36mUser Exists? (0.4ms)[0m  [1m[34mSELECT 1 AS one FROM "users" WHERE "users"."username" = $1 AND "users"."id" != $2 LIMIT $3[0m  [["username", "eltionbehrami"], ["id", 1], ["LIMIT", 1]]
  ↳ app/models/user.rb:32:in `reset_session_token!'
  [1m[36mUser Exists? (0.2ms)[0m  [1m[34mSELECT 1 AS one FROM "users" WHERE "users"."session_token" = $1 AND "users"."id" != $2 LIMIT $3[0m  [["session_token", "[FILTERED]"], ["id", 1], ["LIMIT", 1]]
  ↳ app/models/user.rb:32:in `reset_session_token!'
  [1m[36mUser Update (0.2ms)[0m  [1m[33mUPDATE "users" SET "session_token" = $1, "updated_at" = $2 WHERE "users"."id" = $3[0m  [["session_token", "[FILTERED]"], ["updated_at", "2023-10-06 14:45:45.681032"], ["id", 1]]
  ↳ app/models/user.rb:32:in `reset_session_token!'
  [1m[36mTRANSACTION (1.2ms)[0m  [1m[35mCOMMIT[0m
  ↳ app/models/user.rb:32:in `reset_session_token!'
Redirected to http://localhost:3000/users/1
Completed 302 Found in 268ms (ActiveRecord: 3.3ms | Allocations: 5190)


Started GET "/users/1" for ::1 at 2023-10-06 10:45:45 -0400
Processing by UsersController#show as HTML
  Parameters: {"id"=>"1"}
  [1m[36mUser Load (0.2ms)[0m  [1m[34mSELECT "users".* FROM "users" WHERE "users"."session_token" = $1 LIMIT $2[0m  [["session_token", "[FILTERED]"], ["LIMIT", 1]]
  ↳ app/controllers/application_controller.rb:5:in `current_user'
  [1m[36mUser Load (0.2ms)[0m  [1m[34mSELECT "users".* FROM "users" WHERE "users"."id" = $1 LIMIT $2[0m  [["id", 1], ["LIMIT", 1]]
  ↳ app/controllers/users_controller.rb:16:in `show'
  Rendering layout layouts/application.html.erb
  Rendering users/show.html.erb within layouts/application
  Rendered users/show.html.erb within layouts/application (Duration: 0.2ms | Allocations: 127)
  Rendered layout layouts/application.html.erb (Duration: 1.2ms | Allocations: 1628)
Completed 200 OK in 3ms (Views: 1.8ms | ActiveRecord: 0.3ms | Allocations: 3574)


